<?xml version="1.0" encoding="UTF-8"?>
<testsuite xmlns:xsi="http://www.w3.org/2001/XMLSchema-instance" xsi:noNamespaceSchemaLocation="https://maven.apache.org/surefire/maven-surefire-plugin/xsd/surefire-test-report-3.0.xsd" version="3.0" name="runner.Runner" time="9.085" tests="1" errors="0" skipped="0" failures="0">
  <properties>
    <property name="java.specification.version" value="17"/>
    <property name="sun.jnu.encoding" value="UTF-8"/>
    <property name="java.class.path" value="/Users/mapan/PRIVATE/Project/Automation/test-api/target/test-classes:/Users/mapan/PRIVATE/Project/Automation/test-api/target/classes:/Users/mapan/.m2/repository/io/cucumber/cucumber-java/7.1.0/cucumber-java-7.1.0.jar:/Users/mapan/.m2/repository/io/cucumber/cucumber-core/7.1.0/cucumber-core-7.1.0.jar:/Users/mapan/.m2/repository/io/cucumber/cucumber-gherkin/7.1.0/cucumber-gherkin-7.1.0.jar:/Users/mapan/.m2/repository/io/cucumber/cucumber-gherkin-messages/7.1.0/cucumber-gherkin-messages-7.1.0.jar:/Users/mapan/.m2/repository/io/cucumber/messages/17.1.1/messages-17.1.1.jar:/Users/mapan/.m2/repository/io/cucumber/tag-expressions/4.1.0/tag-expressions-4.1.0.jar:/Users/mapan/.m2/repository/io/cucumber/cucumber-expressions/13.0.1/cucumber-expressions-13.0.1.jar:/Users/mapan/.m2/repository/io/cucumber/datatable/7.1.0/datatable-7.1.0.jar:/Users/mapan/.m2/repository/io/cucumber/cucumber-plugin/7.1.0/cucumber-plugin-7.1.0.jar:/Users/mapan/.m2/repository/io/cucumber/docstring/7.1.0/docstring-7.1.0.jar:/Users/mapan/.m2/repository/io/cucumber/html-formatter/17.0.0/html-formatter-17.0.0.jar:/Users/mapan/.m2/repository/io/cucumber/create-meta/6.0.4/create-meta-6.0.4.jar:/Users/mapan/.m2/repository/org/apiguardian/apiguardian-api/1.1.2/apiguardian-api-1.1.2.jar:/Users/mapan/.m2/repository/io/rest-assured/rest-assured/4.4.0/rest-assured-4.4.0.jar:/Users/mapan/.m2/repository/org/codehaus/groovy/groovy/3.0.8/groovy-3.0.8.jar:/Users/mapan/.m2/repository/org/codehaus/groovy/groovy-xml/3.0.8/groovy-xml-3.0.8.jar:/Users/mapan/.m2/repository/org/apache/httpcomponents/httpclient/4.5.13/httpclient-4.5.13.jar:/Users/mapan/.m2/repository/org/apache/httpcomponents/httpcore/4.4.13/httpcore-4.4.13.jar:/Users/mapan/.m2/repository/commons-logging/commons-logging/1.2/commons-logging-1.2.jar:/Users/mapan/.m2/repository/org/apache/httpcomponents/httpmime/4.5.13/httpmime-4.5.13.jar:/Users/mapan/.m2/repository/org/hamcrest/hamcrest/2.1/hamcrest-2.1.jar:/Users/mapan/.m2/repository/org/ccil/cowan/tagsoup/tagsoup/1.2.1/tagsoup-1.2.1.jar:/Users/mapan/.m2/repository/io/rest-assured/json-path/4.4.0/json-path-4.4.0.jar:/Users/mapan/.m2/repository/org/codehaus/groovy/groovy-json/3.0.8/groovy-json-3.0.8.jar:/Users/mapan/.m2/repository/io/rest-assured/rest-assured-common/4.4.0/rest-assured-common-4.4.0.jar:/Users/mapan/.m2/repository/io/rest-assured/xml-path/4.4.0/xml-path-4.4.0.jar:/Users/mapan/.m2/repository/org/apache/commons/commons-lang3/3.11/commons-lang3-3.11.jar:/Users/mapan/.m2/repository/jakarta/xml/bind/jakarta.xml.bind-api/2.3.3/jakarta.xml.bind-api-2.3.3.jar:/Users/mapan/.m2/repository/jakarta/activation/jakarta.activation-api/1.2.2/jakarta.activation-api-1.2.2.jar:/Users/mapan/.m2/repository/com/sun/xml/bind/jaxb-impl/2.3.3/jaxb-impl-2.3.3.jar:/Users/mapan/.m2/repository/io/cucumber/cucumber-junit/7.1.0/cucumber-junit-7.1.0.jar:/Users/mapan/.m2/repository/junit/junit/4.13.2/junit-4.13.2.jar:/Users/mapan/.m2/repository/org/hamcrest/hamcrest-core/1.3/hamcrest-core-1.3.jar:/Users/mapan/.m2/repository/org/apache/poi/poi/5.0.0/poi-5.0.0.jar:/Users/mapan/.m2/repository/org/slf4j/slf4j-api/1.7.30/slf4j-api-1.7.30.jar:/Users/mapan/.m2/repository/org/slf4j/jcl-over-slf4j/1.7.30/jcl-over-slf4j-1.7.30.jar:/Users/mapan/.m2/repository/commons-codec/commons-codec/1.15/commons-codec-1.15.jar:/Users/mapan/.m2/repository/org/apache/commons/commons-collections4/4.4/commons-collections4-4.4.jar:/Users/mapan/.m2/repository/org/apache/commons/commons-math3/3.6.1/commons-math3-3.6.1.jar:/Users/mapan/.m2/repository/com/zaxxer/SparseBitSet/1.2/SparseBitSet-1.2.jar:/Users/mapan/.m2/repository/org/apache/poi/poi-ooxml/5.0.0/poi-ooxml-5.0.0.jar:/Users/mapan/.m2/repository/org/apache/poi/poi-ooxml-lite/5.0.0/poi-ooxml-lite-5.0.0.jar:/Users/mapan/.m2/repository/org/apache/xmlbeans/xmlbeans/4.0.0/xmlbeans-4.0.0.jar:/Users/mapan/.m2/repository/org/apache/commons/commons-compress/1.20/commons-compress-1.20.jar:/Users/mapan/.m2/repository/com/github/virtuald/curvesapi/1.06/curvesapi-1.06.jar:/Users/mapan/.m2/repository/org/bouncycastle/bcpkix-jdk15on/1.68/bcpkix-jdk15on-1.68.jar:/Users/mapan/.m2/repository/org/bouncycastle/bcprov-jdk15on/1.68/bcprov-jdk15on-1.68.jar:/Users/mapan/.m2/repository/org/apache/santuario/xmlsec/2.2.1/xmlsec-2.2.1.jar:/Users/mapan/.m2/repository/com/fasterxml/woodstox/woodstox-core/5.2.1/woodstox-core-5.2.1.jar:/Users/mapan/.m2/repository/org/codehaus/woodstox/stax2-api/4.2/stax2-api-4.2.jar:/Users/mapan/.m2/repository/org/apache/xmlgraphics/batik-all/1.13/batik-all-1.13.jar:/Users/mapan/.m2/repository/org/apache/xmlgraphics/batik-anim/1.13/batik-anim-1.13.jar:/Users/mapan/.m2/repository/org/apache/xmlgraphics/batik-shared-resources/1.13/batik-shared-resources-1.13.jar:/Users/mapan/.m2/repository/xml-apis/xml-apis-ext/1.3.04/xml-apis-ext-1.3.04.jar:/Users/mapan/.m2/repository/org/apache/xmlgraphics/batik-awt-util/1.13/batik-awt-util-1.13.jar:/Users/mapan/.m2/repository/org/apache/xmlgraphics/xmlgraphics-commons/2.4/xmlgraphics-commons-2.4.jar:/Users/mapan/.m2/repository/commons-io/commons-io/1.3.1/commons-io-1.3.1.jar:/Users/mapan/.m2/repository/org/apache/xmlgraphics/batik-bridge/1.13/batik-bridge-1.13.jar:/Users/mapan/.m2/repository/org/apache/xmlgraphics/batik-codec/1.13/batik-codec-1.13.jar:/Users/mapan/.m2/repository/org/apache/xmlgraphics/batik-constants/1.13/batik-constants-1.13.jar:/Users/mapan/.m2/repository/org/apache/xmlgraphics/batik-css/1.13/batik-css-1.13.jar:/Users/mapan/.m2/repository/org/apache/xmlgraphics/batik-dom/1.13/batik-dom-1.13.jar:/Users/mapan/.m2/repository/xalan/xalan/2.7.2/xalan-2.7.2.jar:/Users/mapan/.m2/repository/xalan/serializer/2.7.2/serializer-2.7.2.jar:/Users/mapan/.m2/repository/xml-apis/xml-apis/1.4.01/xml-apis-1.4.01.jar:/Users/mapan/.m2/repository/org/apache/xmlgraphics/batik-ext/1.13/batik-ext-1.13.jar:/Users/mapan/.m2/repository/org/apache/xmlgraphics/batik-extension/1.13/batik-extension-1.13.jar:/Users/mapan/.m2/repository/org/apache/xmlgraphics/batik-gui-util/1.13/batik-gui-util-1.13.jar:/Users/mapan/.m2/repository/org/apache/xmlgraphics/batik-gvt/1.13/batik-gvt-1.13.jar:/Users/mapan/.m2/repository/org/apache/xmlgraphics/batik-i18n/1.13/batik-i18n-1.13.jar:/Users/mapan/.m2/repository/org/apache/xmlgraphics/batik-parser/1.13/batik-parser-1.13.jar:/Users/mapan/.m2/repository/org/apache/xmlgraphics/batik-rasterizer-ext/1.13/batik-rasterizer-ext-1.13.jar:/Users/mapan/.m2/repository/org/apache/xmlgraphics/batik-rasterizer/1.13/batik-rasterizer-1.13.jar:/Users/mapan/.m2/repository/org/apache/xmlgraphics/batik-script/1.13/batik-script-1.13.jar:/Users/mapan/.m2/repository/org/apache/xmlgraphics/batik-slideshow/1.13/batik-slideshow-1.13.jar:/Users/mapan/.m2/repository/org/apache/xmlgraphics/batik-squiggle-ext/1.13/batik-squiggle-ext-1.13.jar:/Users/mapan/.m2/repository/org/apache/xmlgraphics/batik-squiggle/1.13/batik-squiggle-1.13.jar:/Users/mapan/.m2/repository/org/apache/xmlgraphics/batik-svg-dom/1.13/batik-svg-dom-1.13.jar:/Users/mapan/.m2/repository/org/apache/xmlgraphics/batik-svgbrowser/1.13/batik-svgbrowser-1.13.jar:/Users/mapan/.m2/repository/org/apache/xmlgraphics/batik-svggen/1.13/batik-svggen-1.13.jar:/Users/mapan/.m2/repository/org/apache/xmlgraphics/batik-svgpp/1.13/batik-svgpp-1.13.jar:/Users/mapan/.m2/repository/org/apache/xmlgraphics/batik-svgrasterizer/1.13/batik-svgrasterizer-1.13.jar:/Users/mapan/.m2/repository/org/apache/xmlgraphics/batik-swing/1.13/batik-swing-1.13.jar:/Users/mapan/.m2/repository/org/apache/xmlgraphics/batik-transcoder/1.13/batik-transcoder-1.13.jar:/Users/mapan/.m2/repository/org/apache/xmlgraphics/batik-util/1.13/batik-util-1.13.jar:/Users/mapan/.m2/repository/org/apache/xmlgraphics/batik-ttf2svg/1.13/batik-ttf2svg-1.13.jar:/Users/mapan/.m2/repository/org/apache/xmlgraphics/batik-xml/1.13/batik-xml-1.13.jar:/Users/mapan/.m2/repository/de/rototor/pdfbox/graphics2d/0.30/graphics2d-0.30.jar:/Users/mapan/.m2/repository/org/apache/pdfbox/pdfbox/2.0.22/pdfbox-2.0.22.jar:/Users/mapan/.m2/repository/org/apache/pdfbox/fontbox/2.0.22/fontbox-2.0.22.jar:/Users/mapan/.m2/repository/com/google/code/gson/gson/2.8.9/gson-2.8.9.jar:"/>
    <property name="java.vm.vendor" value="Homebrew"/>
    <property name="sun.arch.data.model" value="64"/>
    <property name="java.vendor.url" value="https://github.com/Homebrew/homebrew-core/issues"/>
    <property name="os.name" value="Mac OS X"/>
    <property name="java.vm.specification.version" value="17"/>
    <property name="sun.java.launcher" value="SUN_STANDARD"/>
    <property name="user.country" value="ID"/>
    <property name="sun.boot.library.path" value="/usr/local/Cellar/openjdk/17.0.1_1/libexec/openjdk.jdk/Contents/Home/lib"/>
    <property name="sun.java.command" value="/Users/mapan/PRIVATE/Project/Automation/test-api/target/surefire/surefirebooter18173960248618258997.jar /Users/mapan/PRIVATE/Project/Automation/test-api/target/surefire 2022-02-28T21-32-58_735-jvmRun1 surefire15616550302142721135tmp surefire_01741594637011566551tmp"/>
    <property name="http.nonProxyHosts" value="local|*.local|169.254/16|*.169.254/16"/>
    <property name="jdk.debug" value="release"/>
    <property name="surefire.test.class.path" value="/Users/mapan/PRIVATE/Project/Automation/test-api/target/test-classes:/Users/mapan/PRIVATE/Project/Automation/test-api/target/classes:/Users/mapan/.m2/repository/io/cucumber/cucumber-java/7.1.0/cucumber-java-7.1.0.jar:/Users/mapan/.m2/repository/io/cucumber/cucumber-core/7.1.0/cucumber-core-7.1.0.jar:/Users/mapan/.m2/repository/io/cucumber/cucumber-gherkin/7.1.0/cucumber-gherkin-7.1.0.jar:/Users/mapan/.m2/repository/io/cucumber/cucumber-gherkin-messages/7.1.0/cucumber-gherkin-messages-7.1.0.jar:/Users/mapan/.m2/repository/io/cucumber/messages/17.1.1/messages-17.1.1.jar:/Users/mapan/.m2/repository/io/cucumber/tag-expressions/4.1.0/tag-expressions-4.1.0.jar:/Users/mapan/.m2/repository/io/cucumber/cucumber-expressions/13.0.1/cucumber-expressions-13.0.1.jar:/Users/mapan/.m2/repository/io/cucumber/datatable/7.1.0/datatable-7.1.0.jar:/Users/mapan/.m2/repository/io/cucumber/cucumber-plugin/7.1.0/cucumber-plugin-7.1.0.jar:/Users/mapan/.m2/repository/io/cucumber/docstring/7.1.0/docstring-7.1.0.jar:/Users/mapan/.m2/repository/io/cucumber/html-formatter/17.0.0/html-formatter-17.0.0.jar:/Users/mapan/.m2/repository/io/cucumber/create-meta/6.0.4/create-meta-6.0.4.jar:/Users/mapan/.m2/repository/org/apiguardian/apiguardian-api/1.1.2/apiguardian-api-1.1.2.jar:/Users/mapan/.m2/repository/io/rest-assured/rest-assured/4.4.0/rest-assured-4.4.0.jar:/Users/mapan/.m2/repository/org/codehaus/groovy/groovy/3.0.8/groovy-3.0.8.jar:/Users/mapan/.m2/repository/org/codehaus/groovy/groovy-xml/3.0.8/groovy-xml-3.0.8.jar:/Users/mapan/.m2/repository/org/apache/httpcomponents/httpclient/4.5.13/httpclient-4.5.13.jar:/Users/mapan/.m2/repository/org/apache/httpcomponents/httpcore/4.4.13/httpcore-4.4.13.jar:/Users/mapan/.m2/repository/commons-logging/commons-logging/1.2/commons-logging-1.2.jar:/Users/mapan/.m2/repository/org/apache/httpcomponents/httpmime/4.5.13/httpmime-4.5.13.jar:/Users/mapan/.m2/repository/org/hamcrest/hamcrest/2.1/hamcrest-2.1.jar:/Users/mapan/.m2/repository/org/ccil/cowan/tagsoup/tagsoup/1.2.1/tagsoup-1.2.1.jar:/Users/mapan/.m2/repository/io/rest-assured/json-path/4.4.0/json-path-4.4.0.jar:/Users/mapan/.m2/repository/org/codehaus/groovy/groovy-json/3.0.8/groovy-json-3.0.8.jar:/Users/mapan/.m2/repository/io/rest-assured/rest-assured-common/4.4.0/rest-assured-common-4.4.0.jar:/Users/mapan/.m2/repository/io/rest-assured/xml-path/4.4.0/xml-path-4.4.0.jar:/Users/mapan/.m2/repository/org/apache/commons/commons-lang3/3.11/commons-lang3-3.11.jar:/Users/mapan/.m2/repository/jakarta/xml/bind/jakarta.xml.bind-api/2.3.3/jakarta.xml.bind-api-2.3.3.jar:/Users/mapan/.m2/repository/jakarta/activation/jakarta.activation-api/1.2.2/jakarta.activation-api-1.2.2.jar:/Users/mapan/.m2/repository/com/sun/xml/bind/jaxb-impl/2.3.3/jaxb-impl-2.3.3.jar:/Users/mapan/.m2/repository/io/cucumber/cucumber-junit/7.1.0/cucumber-junit-7.1.0.jar:/Users/mapan/.m2/repository/junit/junit/4.13.2/junit-4.13.2.jar:/Users/mapan/.m2/repository/org/hamcrest/hamcrest-core/1.3/hamcrest-core-1.3.jar:/Users/mapan/.m2/repository/org/apache/poi/poi/5.0.0/poi-5.0.0.jar:/Users/mapan/.m2/repository/org/slf4j/slf4j-api/1.7.30/slf4j-api-1.7.30.jar:/Users/mapan/.m2/repository/org/slf4j/jcl-over-slf4j/1.7.30/jcl-over-slf4j-1.7.30.jar:/Users/mapan/.m2/repository/commons-codec/commons-codec/1.15/commons-codec-1.15.jar:/Users/mapan/.m2/repository/org/apache/commons/commons-collections4/4.4/commons-collections4-4.4.jar:/Users/mapan/.m2/repository/org/apache/commons/commons-math3/3.6.1/commons-math3-3.6.1.jar:/Users/mapan/.m2/repository/com/zaxxer/SparseBitSet/1.2/SparseBitSet-1.2.jar:/Users/mapan/.m2/repository/org/apache/poi/poi-ooxml/5.0.0/poi-ooxml-5.0.0.jar:/Users/mapan/.m2/repository/org/apache/poi/poi-ooxml-lite/5.0.0/poi-ooxml-lite-5.0.0.jar:/Users/mapan/.m2/repository/org/apache/xmlbeans/xmlbeans/4.0.0/xmlbeans-4.0.0.jar:/Users/mapan/.m2/repository/org/apache/commons/commons-compress/1.20/commons-compress-1.20.jar:/Users/mapan/.m2/repository/com/github/virtuald/curvesapi/1.06/curvesapi-1.06.jar:/Users/mapan/.m2/repository/org/bouncycastle/bcpkix-jdk15on/1.68/bcpkix-jdk15on-1.68.jar:/Users/mapan/.m2/repository/org/bouncycastle/bcprov-jdk15on/1.68/bcprov-jdk15on-1.68.jar:/Users/mapan/.m2/repository/org/apache/santuario/xmlsec/2.2.1/xmlsec-2.2.1.jar:/Users/mapan/.m2/repository/com/fasterxml/woodstox/woodstox-core/5.2.1/woodstox-core-5.2.1.jar:/Users/mapan/.m2/repository/org/codehaus/woodstox/stax2-api/4.2/stax2-api-4.2.jar:/Users/mapan/.m2/repository/org/apache/xmlgraphics/batik-all/1.13/batik-all-1.13.jar:/Users/mapan/.m2/repository/org/apache/xmlgraphics/batik-anim/1.13/batik-anim-1.13.jar:/Users/mapan/.m2/repository/org/apache/xmlgraphics/batik-shared-resources/1.13/batik-shared-resources-1.13.jar:/Users/mapan/.m2/repository/xml-apis/xml-apis-ext/1.3.04/xml-apis-ext-1.3.04.jar:/Users/mapan/.m2/repository/org/apache/xmlgraphics/batik-awt-util/1.13/batik-awt-util-1.13.jar:/Users/mapan/.m2/repository/org/apache/xmlgraphics/xmlgraphics-commons/2.4/xmlgraphics-commons-2.4.jar:/Users/mapan/.m2/repository/commons-io/commons-io/1.3.1/commons-io-1.3.1.jar:/Users/mapan/.m2/repository/org/apache/xmlgraphics/batik-bridge/1.13/batik-bridge-1.13.jar:/Users/mapan/.m2/repository/org/apache/xmlgraphics/batik-codec/1.13/batik-codec-1.13.jar:/Users/mapan/.m2/repository/org/apache/xmlgraphics/batik-constants/1.13/batik-constants-1.13.jar:/Users/mapan/.m2/repository/org/apache/xmlgraphics/batik-css/1.13/batik-css-1.13.jar:/Users/mapan/.m2/repository/org/apache/xmlgraphics/batik-dom/1.13/batik-dom-1.13.jar:/Users/mapan/.m2/repository/xalan/xalan/2.7.2/xalan-2.7.2.jar:/Users/mapan/.m2/repository/xalan/serializer/2.7.2/serializer-2.7.2.jar:/Users/mapan/.m2/repository/xml-apis/xml-apis/1.4.01/xml-apis-1.4.01.jar:/Users/mapan/.m2/repository/org/apache/xmlgraphics/batik-ext/1.13/batik-ext-1.13.jar:/Users/mapan/.m2/repository/org/apache/xmlgraphics/batik-extension/1.13/batik-extension-1.13.jar:/Users/mapan/.m2/repository/org/apache/xmlgraphics/batik-gui-util/1.13/batik-gui-util-1.13.jar:/Users/mapan/.m2/repository/org/apache/xmlgraphics/batik-gvt/1.13/batik-gvt-1.13.jar:/Users/mapan/.m2/repository/org/apache/xmlgraphics/batik-i18n/1.13/batik-i18n-1.13.jar:/Users/mapan/.m2/repository/org/apache/xmlgraphics/batik-parser/1.13/batik-parser-1.13.jar:/Users/mapan/.m2/repository/org/apache/xmlgraphics/batik-rasterizer-ext/1.13/batik-rasterizer-ext-1.13.jar:/Users/mapan/.m2/repository/org/apache/xmlgraphics/batik-rasterizer/1.13/batik-rasterizer-1.13.jar:/Users/mapan/.m2/repository/org/apache/xmlgraphics/batik-script/1.13/batik-script-1.13.jar:/Users/mapan/.m2/repository/org/apache/xmlgraphics/batik-slideshow/1.13/batik-slideshow-1.13.jar:/Users/mapan/.m2/repository/org/apache/xmlgraphics/batik-squiggle-ext/1.13/batik-squiggle-ext-1.13.jar:/Users/mapan/.m2/repository/org/apache/xmlgraphics/batik-squiggle/1.13/batik-squiggle-1.13.jar:/Users/mapan/.m2/repository/org/apache/xmlgraphics/batik-svg-dom/1.13/batik-svg-dom-1.13.jar:/Users/mapan/.m2/repository/org/apache/xmlgraphics/batik-svgbrowser/1.13/batik-svgbrowser-1.13.jar:/Users/mapan/.m2/repository/org/apache/xmlgraphics/batik-svggen/1.13/batik-svggen-1.13.jar:/Users/mapan/.m2/repository/org/apache/xmlgraphics/batik-svgpp/1.13/batik-svgpp-1.13.jar:/Users/mapan/.m2/repository/org/apache/xmlgraphics/batik-svgrasterizer/1.13/batik-svgrasterizer-1.13.jar:/Users/mapan/.m2/repository/org/apache/xmlgraphics/batik-swing/1.13/batik-swing-1.13.jar:/Users/mapan/.m2/repository/org/apache/xmlgraphics/batik-transcoder/1.13/batik-transcoder-1.13.jar:/Users/mapan/.m2/repository/org/apache/xmlgraphics/batik-util/1.13/batik-util-1.13.jar:/Users/mapan/.m2/repository/org/apache/xmlgraphics/batik-ttf2svg/1.13/batik-ttf2svg-1.13.jar:/Users/mapan/.m2/repository/org/apache/xmlgraphics/batik-xml/1.13/batik-xml-1.13.jar:/Users/mapan/.m2/repository/de/rototor/pdfbox/graphics2d/0.30/graphics2d-0.30.jar:/Users/mapan/.m2/repository/org/apache/pdfbox/pdfbox/2.0.22/pdfbox-2.0.22.jar:/Users/mapan/.m2/repository/org/apache/pdfbox/fontbox/2.0.22/fontbox-2.0.22.jar:/Users/mapan/.m2/repository/com/google/code/gson/gson/2.8.9/gson-2.8.9.jar:"/>
    <property name="sun.cpu.endian" value="little"/>
    <property name="user.home" value="/Users/mapan"/>
    <property name="user.language" value="en"/>
    <property name="java.specification.vendor" value="Oracle Corporation"/>
    <property name="java.version.date" value="2021-10-19"/>
    <property name="java.home" value="/usr/local/Cellar/openjdk/17.0.1_1/libexec/openjdk.jdk/Contents/Home"/>
    <property name="file.separator" value="/"/>
    <property name="basedir" value="/Users/mapan/PRIVATE/Project/Automation/test-api"/>
    <property name="java.vm.compressedOopsMode" value="Zero based"/>
    <property name="line.separator" value="&#10;"/>
    <property name="java.specification.name" value="Java Platform API Specification"/>
    <property name="java.vm.specification.vendor" value="Oracle Corporation"/>
    <property name="surefire.real.class.path" value="/Users/mapan/PRIVATE/Project/Automation/test-api/target/surefire/surefirebooter18173960248618258997.jar"/>
    <property name="sun.management.compiler" value="HotSpot 64-Bit Tiered Compilers"/>
    <property name="ftp.nonProxyHosts" value="local|*.local|169.254/16|*.169.254/16"/>
    <property name="java.runtime.version" value="17.0.1+1"/>
    <property name="user.name" value="mapan"/>
    <property name="path.separator" value=":"/>
    <property name="os.version" value="12.2.1"/>
    <property name="java.runtime.name" value="OpenJDK Runtime Environment"/>
    <property name="file.encoding" value="UTF-8"/>
    <property name="java.vm.name" value="OpenJDK 64-Bit Server VM"/>
    <property name="java.vendor.version" value="Homebrew"/>
    <property name="localRepository" value="/Users/mapan/.m2/repository"/>
    <property name="java.vendor.url.bug" value="https://github.com/Homebrew/homebrew-core/issues"/>
    <property name="java.io.tmpdir" value="/var/folders/5h/qwkqm69x2rg4wh6r630y6pyw0000gp/T/"/>
    <property name="java.version" value="17.0.1"/>
    <property name="user.dir" value="/Users/mapan/PRIVATE/Project/Automation/test-api"/>
    <property name="os.arch" value="x86_64"/>
    <property name="java.vm.specification.name" value="Java Virtual Machine Specification"/>
    <property name="native.encoding" value="UTF-8"/>
    <property name="java.library.path" value="/Users/mapan/Library/Java/Extensions:/Library/Java/Extensions:/Network/Library/Java/Extensions:/System/Library/Java/Extensions:/usr/lib/java:."/>
    <property name="java.vm.info" value="mixed mode, sharing"/>
    <property name="java.vendor" value="Homebrew"/>
    <property name="java.vm.version" value="17.0.1+1"/>
    <property name="sun.io.unicode.encoding" value="UnicodeBig"/>
    <property name="socksNonProxyHosts" value="local|*.local|169.254/16|*.169.254/16"/>
    <property name="java.class.version" value="61.0"/>
  </properties>
  <testcase name="Hit API process" classname="Get API" time="6.516">
    <system-out><![CDATA[
Scenario: Hit API process # features/ghibli.feature:3
[
    {
        "id": "4e09b023-f650-4747-9ab9-eacf14540cfb",
        "name": "Air Destroyer Goliath",
        "description": "A military airship utilized by the government to access Laputa",
        "vehicle_class": "Airship",
        "length": "1,000",
        "pilot": "https://ghibliapi.herokuapp.com/people/40c005ce-3725-4f15-8409-3e1b1b14b583",
        "films": [
            "https://ghibliapi.herokuapp.com/films/2baf70d1-42bb-4437-b551-e5fed5a87abe"
        ],
        "url": "https://ghibliapi.herokuapp.com/vehicles/4e09b023-f650-4747-9ab9-eacf14540cfb"
    },
    {
        "id": "d8f893b5-1dd9-41a1-9918-0099c1aa2de8",
        "name": "Red Wing",
        "description": "An experimental aircraft captured by Porco. Named Savoia S.21",
        "vehicle_class": "Airplane",
        "length": "20",
        "pilot": "https://ghibliapi.herokuapp.com/people/6523068d-f5a9-4150-bf5b-76abe6fb42c3",
        "films": [
            "https://ghibliapi.herokuapp.com/films/ebbb6b7c-945c-41ee-a792-de0e43191bd8"
        ],
        "url": "https://ghibliapi.herokuapp.com/vehicles/d8f893b5-1dd9-41a1-9918-0099c1aa2de8"
    },
    {
        "id": "923d70c9-8f15-4972-ad53-0128b261d628",
        "name": "Sosuke's Boat",
        "description": "A toy boat where Sosuke plays",
        "vehicle_class": "Boat",
        "length": "10",
        "pilot": "https://ghibliapi.herokuapp.com/people/a10f64f3-e0b6-4a94-bf30-87ad8bc51607",
        "films": [
            "https://ghibliapi.herokuapp.com/films/758bf02e-3122-46e0-884e-67cf83df1786"
        ],
        "url": "https://ghibliapi.herokuapp.com/vehicles/923d70c9-8f15-4972-ad53-0128b261d628"
    }
]
  Given I have hit API    # steps.Ghibli.hitApi()
]]></system-out>
    <system-err><![CDATA[SLF4J: Failed to load class "org.slf4j.impl.StaticLoggerBinder".
SLF4J: Defaulting to no-operation (NOP) logger implementation
SLF4J: See http://www.slf4j.org/codes.html#StaticLoggerBinder for further details.
Feb 28, 2022 9:33:10 PM steps.SendRequest sendRequest
INFO: RESPONSE :: io.restassured.internal.RestAssuredResponseImpl@49f40c00
Feb 28, 2022 9:33:10 PM steps.SendRequest sendRequest
INFO: RESPONSE :: application/json; charset=utf-8
Feb 28, 2022 9:33:10 PM steps.SendRequest sendRequest
INFO: RESPONSE :: [
  {
    "id": "4e09b023-f650-4747-9ab9-eacf14540cfb",
    "name": "Air Destroyer Goliath",
    "description": "A military airship utilized by the government to access Laputa",
    "vehicle_class": "Airship",
    "length": "1,000",
    "pilot": "https://ghibliapi.herokuapp.com/people/40c005ce-3725-4f15-8409-3e1b1b14b583",
    "films": [
      "https://ghibliapi.herokuapp.com/films/2baf70d1-42bb-4437-b551-e5fed5a87abe"
    ],
    "url": "https://ghibliapi.herokuapp.com/vehicles/4e09b023-f650-4747-9ab9-eacf14540cfb"
  },
  {
    "id": "d8f893b5-1dd9-41a1-9918-0099c1aa2de8",
    "name": "Red Wing",
    "description": "An experimental aircraft captured by Porco. Named Savoia S.21",
    "vehicle_class": "Airplane",
    "length": "20",
    "pilot": "https://ghibliapi.herokuapp.com/people/6523068d-f5a9-4150-bf5b-76abe6fb42c3",
    "films": [
      "https://ghibliapi.herokuapp.com/films/ebbb6b7c-945c-41ee-a792-de0e43191bd8"
    ],
    "url": "https://ghibliapi.herokuapp.com/vehicles/d8f893b5-1dd9-41a1-9918-0099c1aa2de8"
  },
  {
    "id": "923d70c9-8f15-4972-ad53-0128b261d628",
    "name": "Sosuke's Boat",
    "description": "A toy boat where Sosuke plays",
    "vehicle_class": "Boat",
    "length": "10",
    "pilot": "https://ghibliapi.herokuapp.com/people/a10f64f3-e0b6-4a94-bf30-87ad8bc51607",
    "films": [
      "https://ghibliapi.herokuapp.com/films/758bf02e-3122-46e0-884e-67cf83df1786"
    ],
    "url": "https://ghibliapi.herokuapp.com/vehicles/923d70c9-8f15-4972-ad53-0128b261d628"
  }
]
Feb 28, 2022 9:33:10 PM steps.SendRequest sendRequest
INFO: RESPONSE :: io.restassured.path.json.JsonPath@2a53f215
Feb 28, 2022 9:33:10 PM steps.SendRequest sendRequest
INFO: RESPONSE :: [
    {
        "id": "4e09b023-f650-4747-9ab9-eacf14540cfb",
        "name": "Air Destroyer Goliath",
        "description": "A military airship utilized by the government to access Laputa",
        "vehicle_class": "Airship",
        "length": "1,000",
        "pilot": "https://ghibliapi.herokuapp.com/people/40c005ce-3725-4f15-8409-3e1b1b14b583",
        "films": [
            "https://ghibliapi.herokuapp.com/films/2baf70d1-42bb-4437-b551-e5fed5a87abe"
        ],
        "url": "https://ghibliapi.herokuapp.com/vehicles/4e09b023-f650-4747-9ab9-eacf14540cfb"
    },
    {
        "id": "d8f893b5-1dd9-41a1-9918-0099c1aa2de8",
        "name": "Red Wing",
        "description": "An experimental aircraft captured by Porco. Named Savoia S.21",
        "vehicle_class": "Airplane",
        "length": "20",
        "pilot": "https://ghibliapi.herokuapp.com/people/6523068d-f5a9-4150-bf5b-76abe6fb42c3",
        "films": [
            "https://ghibliapi.herokuapp.com/films/ebbb6b7c-945c-41ee-a792-de0e43191bd8"
        ],
        "url": "https://ghibliapi.herokuapp.com/vehicles/d8f893b5-1dd9-41a1-9918-0099c1aa2de8"
    },
    {
        "id": "923d70c9-8f15-4972-ad53-0128b261d628",
        "name": "Sosuke's Boat",
        "description": "A toy boat where Sosuke plays",
        "vehicle_class": "Boat",
        "length": "10",
        "pilot": "https://ghibliapi.herokuapp.com/people/a10f64f3-e0b6-4a94-bf30-87ad8bc51607",
        "films": [
            "https://ghibliapi.herokuapp.com/films/758bf02e-3122-46e0-884e-67cf83df1786"
        ],
        "url": "https://ghibliapi.herokuapp.com/vehicles/923d70c9-8f15-4972-ad53-0128b261d628"
    }
]
Feb 28, 2022 9:33:10 PM steps.Ghibli hitApi
INFO: :: STATUS HIT FIRST API :: [
    {
        "id": "4e09b023-f650-4747-9ab9-eacf14540cfb",
        "name": "Air Destroyer Goliath",
        "description": "A military airship utilized by the government to access Laputa",
        "vehicle_class": "Airship",
        "length": "1,000",
        "pilot": "https://ghibliapi.herokuapp.com/people/40c005ce-3725-4f15-8409-3e1b1b14b583",
        "films": [
            "https://ghibliapi.herokuapp.com/films/2baf70d1-42bb-4437-b551-e5fed5a87abe"
        ],
        "url": "https://ghibliapi.herokuapp.com/vehicles/4e09b023-f650-4747-9ab9-eacf14540cfb"
    },
    {
        "id": "d8f893b5-1dd9-41a1-9918-0099c1aa2de8",
        "name": "Red Wing",
        "description": "An experimental aircraft captured by Porco. Named Savoia S.21",
        "vehicle_class": "Airplane",
        "length": "20",
        "pilot": "https://ghibliapi.herokuapp.com/people/6523068d-f5a9-4150-bf5b-76abe6fb42c3",
        "films": [
            "https://ghibliapi.herokuapp.com/films/ebbb6b7c-945c-41ee-a792-de0e43191bd8"
        ],
        "url": "https://ghibliapi.herokuapp.com/vehicles/d8f893b5-1dd9-41a1-9918-0099c1aa2de8"
    },
    {
        "id": "923d70c9-8f15-4972-ad53-0128b261d628",
        "name": "Sosuke's Boat",
        "description": "A toy boat where Sosuke plays",
        "vehicle_class": "Boat",
        "length": "10",
        "pilot": "https://ghibliapi.herokuapp.com/people/a10f64f3-e0b6-4a94-bf30-87ad8bc51607",
        "films": [
            "https://ghibliapi.herokuapp.com/films/758bf02e-3122-46e0-884e-67cf83df1786"
        ],
        "url": "https://ghibliapi.herokuapp.com/vehicles/923d70c9-8f15-4972-ad53-0128b261d628"
    }
]
]]></system-err>
  </testcase>
</testsuite>